2026-05-07 20:10:50 - INFO - Starting Browser...
2026-05-07 20:10:55 - INFO - Google Chrome started successfully.
2026-05-07 20:10:55 - INFO - Navigating to portal...
2026-05-07 20:10:57 - INFO - Waiting for Manual Login...
2026-05-07 20:10:57 - INFO - ACTION REQUIRED: Log in & do 2FA in the browser window.
2026-05-07 20:11:41 - INFO - Login detected! Proceeding...
2026-05-07 20:11:43 - INFO - Opened Weekly Schedule...
2026-05-07 20:11:44 - INFO - Refreshing Grid Details...
2026-05-07 20:11:47 - INFO - Calendar grid ready for extraction.
2026-05-07 20:11:47 - INFO - Scraping Week 1...
2026-05-07 20:11:50 - INFO - Scraping Week 2...
2026-05-07 20:11:52 - INFO - Scraping Week 3...
2026-05-07 20:11:55 - INFO - Scraping Week 4...
2026-05-07 20:11:58 - INFO - Scraping Week 5...
2026-05-07 20:12:01 - INFO - Scraping Week 6...
2026-05-07 20:12:03 - INFO - Scraping Week 7...
2026-05-07 20:12:06 - INFO - Scraping Week 8...
2026-05-07 20:12:09 - INFO - Scraping Week 9...
2026-05-07 20:12:12 - INFO - Scraping Week 10...
2026-05-07 20:12:15 - INFO - Scraping Week 11...
2026-05-07 20:12:18 - INFO - Scraping Week 12...
2026-05-07 20:12:21 - INFO - Scraping Week 13...
2026-05-07 20:12:24 - INFO - Scraping Week 14...
2026-05-07 20:12:27 - INFO - Scraping Week 15...
2026-05-07 20:12:30 - INFO - Scraping Week 16...
2026-05-07 20:12:33 - INFO - Completed! Found 3 unique courses across 59 sessions.
2026-05-07 20:12:44 - INFO - Writing ICS and CSV files...
2026-05-07 20:12:44 - INFO - Saved Calendar: SUTD_Calendar.ics
2026-05-07 20:12:44 - INFO - Saved Excel Data: SUTD_Schedule.csv
2026-05-07 20:22:49 - INFO - Starting Browser...
2026-05-07 20:22:50 - INFO - Google Chrome started successfully.
2026-05-07 20:22:50 - INFO - Navigating to portal...
2026-05-07 20:22:52 - INFO - Waiting for Manual Login...
2026-05-07 20:22:52 - INFO - ACTION REQUIRED: Log in & do 2FA in the browser window.
2026-05-07 20:23:24 - INFO - Login detected! Proceeding...
2026-05-07 20:23:26 - INFO - Opened Weekly Schedule...
2026-05-07 20:23:27 - INFO - Refreshing Grid Details...
2026-05-07 20:23:30 - INFO - Calendar grid ready for extraction.
2026-05-07 20:23:30 - INFO - Scraping Week 1...
2026-05-07 20:23:34 - INFO - Scraping Week 2...
2026-05-07 20:23:37 - INFO - Scraping Week 3...
2026-05-07 20:23:40 - INFO - Scraping Week 4...
2026-05-07 20:23:43 - INFO - Scraping Week 5...
2026-05-07 20:23:46 - INFO - Scraping Week 6...
2026-05-07 20:23:50 - INFO - Scraping Week 7...
2026-05-07 20:23:53 - INFO - Scraping Week 8...
2026-05-07 20:23:56 - INFO - Scraping Week 9...
2026-05-07 20:24:00 - INFO - Scraping Week 10...
2026-05-07 20:24:04 - INFO - Scraping Week 11...
2026-05-07 20:24:07 - INFO - Scraping Week 12...
2026-05-07 20:24:11 - INFO - Scraping Week 13...
2026-05-07 20:24:15 - INFO - Scraping Week 14...
2026-05-07 20:24:18 - INFO - Scraping Week 15...
2026-05-07 20:24:22 - INFO - Scraping Week 16...
2026-05-07 20:24:26 - INFO - Completed! Found 4 unique courses across 126 sessions.
2026-05-07 20:24:49 - INFO - Writing ICS and CSV files...
2026-05-07 20:24:49 - INFO - Saved Calendar: SUTD_Calendar.ics
2026-05-07 20:24:49 - INFO - Saved Excel Data: SUTD_Schedule.csv
2026-05-07 20:31:53 - INFO - Starting Browser...
2026-05-07 20:31:55 - INFO - Google Chrome started successfully.
2026-05-07 20:31:55 - INFO - Navigating to portal...
2026-05-07 20:31:56 - INFO - Waiting for Manual Login...
2026-05-07 20:31:56 - INFO - ACTION REQUIRED: Log in & do 2FA in the browser window.
2026-05-07 20:32:16 - INFO - Login detected! Proceeding...
2026-05-07 20:32:18 - INFO - Opened Weekly Schedule...
2026-05-07 20:32:19 - INFO - Refreshing Grid Details...
2026-05-07 20:32:22 - INFO - Calendar grid ready for extraction.
2026-05-07 20:32:22 - INFO - Scraping Week 1...
2026-05-07 20:32:26 - INFO - Scraping Week 2...
2026-05-07 20:32:29 - INFO - Scraping Week 3...
2026-05-07 20:32:32 - INFO - Scraping Week 4...
2026-05-07 20:32:35 - INFO - Scraping Week 5...
2026-05-07 20:32:39 - INFO - Scraping Week 6...
2026-05-07 20:32:43 - INFO - Scraping Week 7...
2026-05-07 20:32:46 - INFO - Scraping Week 8...
2026-05-07 20:32:50 - INFO - Scraping Week 9...
2026-05-07 20:32:54 - INFO - Scraping Week 10...
2026-05-07 20:32:57 - INFO - Scraping Week 11...
2026-05-07 20:33:01 - INFO - Scraping Week 12...
2026-05-07 20:33:05 - INFO - Scraping Week 13...
2026-05-07 20:33:09 - INFO - Scraping Week 14...
2026-05-07 20:33:12 - INFO - Scraping Week 15...
2026-05-07 20:33:15 - INFO - Scraping Week 16...
2026-05-07 20:33:19 - INFO - Completed! Found 4 unique courses across 126 sessions.
2026-05-07 20:33:49 - INFO - Writing ICS and CSV files...
2026-05-07 20:33:50 - INFO - Saved Calendar: SUTD_Calendar.ics
2026-05-07 20:33:50 - INFO - Saved Excel Data: SUTD_Schedule.csv
2026-05-07 20:39:00 - INFO - Starting Browser...
2026-05-07 20:39:01 - INFO - Google Chrome started successfully.
2026-05-07 20:39:01 - INFO - Navigating to portal...
2026-05-07 20:39:03 - INFO - Waiting for Manual Login...
2026-05-07 20:39:03 - INFO - ACTION REQUIRED: Log in & do 2FA in the browser window.
2026-05-07 20:39:25 - INFO - Login detected! Proceeding...
2026-05-07 20:39:27 - INFO - Opened Weekly Schedule...
2026-05-07 20:39:28 - INFO - Refreshing Grid Details...
2026-05-07 20:39:31 - INFO - Calendar grid ready for extraction.
2026-05-07 20:39:31 - INFO - Scraping Week 1...
2026-05-07 20:39:34 - INFO - Scraping Week 2...
2026-05-07 20:39:37 - INFO - Scraping Week 3...
2026-05-07 20:39:41 - INFO - Scraping Week 4...
2026-05-07 20:39:44 - INFO - Scraping Week 5...
2026-05-07 20:39:47 - INFO - Scraping Week 6...
2026-05-07 20:39:50 - INFO - Scraping Week 7...
2026-05-07 20:39:53 - INFO - Scraping Week 8...
2026-05-07 20:39:56 - INFO - Scraping Week 9...
2026-05-07 20:39:59 - INFO - Scraping Week 10...
2026-05-07 20:40:02 - INFO - Scraping Week 11...
2026-05-07 20:40:06 - INFO - Scraping Week 12...
2026-05-07 20:40:09 - INFO - Scraping Week 13...
2026-05-07 20:40:12 - INFO - Scraping Week 14...
2026-05-07 20:40:15 - INFO - Scraping Week 15...
2026-05-07 20:40:18 - INFO - Scraping Week 16...
2026-05-07 20:40:21 - INFO - Completed! Found 4 unique courses across 126 sessions.
2026-05-07 20:40:27 - INFO - Writing ICS and CSV files to Desktop...
2026-05-07 20:40:27 - INFO - Saved Calendar: C:\Users\raghav\Desktop\SUTD_Calendar.ics
2026-05-07 20:40:27 - INFO - Saved Excel Data: C:\Users\raghav\Desktop\SUTD_Schedule.csv
